{"message":"cannot find derive macro `Deserialize` in this scope","code":null,"level":"error","spans":[{"file_name":"src\\main.rs","byte_start":99,"byte_end":110,"line_start":5,"line_end":5,"column_start":10,"column_end":21,"is_primary":true,"text":[{"text":"#[derive(Deserialize)] ","highlight_start":10,"highlight_end":21}],"label":null,"suggested_replacement":null,"suggestion_applicability":null,"expansion":null}],"children":[{"message":"`Deserialize` is imported here, but it is only a trait, without a derive macro","code":null,"level":"note","spans":[{"file_name":"src\\main.rs","byte_start":63,"byte_end":74,"line_start":2,"line_end":2,"column_start":13,"column_end":24,"is_primary":true,"text":[{"text":"use serde::{Deserialize, Serialize};","highlight_start":13,"highlight_end":24}],"label":null,"suggested_replacement":null,"suggestion_applicability":null,"expansion":null}],"children":[],"rendered":null}],"rendered":"\u001b[0m\u001b[1m\u001b[38;5;9merror\u001b[0m\u001b[0m\u001b[1m\u001b[38;5;15m: cannot find derive macro `Deserialize` in this scope\u001b[0m\n\u001b[0m \u001b[0m\u001b[0m\u001b[1m\u001b[38;5;14m--> \u001b[0m\u001b[0msrc\\main.rs:5:10\u001b[0m\n\u001b[0m  \u001b[0m\u001b[0m\u001b[1m\u001b[38;5;14m|\u001b[0m\n\u001b[0m\u001b[1m\u001b[38;5;14m5\u001b[0m\u001b[0m \u001b[0m\u001b[0m\u001b[1m\u001b[38;5;14m|\u001b[0m\u001b[0m \u001b[0m\u001b[0m#[derive(Deserialize)] \u001b[0m\n\u001b[0m  \u001b[0m\u001b[0m\u001b[1m\u001b[38;5;14m| \u001b[0m\u001b[0m         \u001b[0m\u001b[0m\u001b[1m\u001b[38;5;9m^^^^^^^^^^^\u001b[0m\n\u001b[0m  \u001b[0m\u001b[0m\u001b[1m\u001b[38;5;14m|\u001b[0m\n\u001b[0m\u001b[1m\u001b[38;5;10mnote\u001b[0m\u001b[0m: `Deserialize` is imported here, but it is only a trait, without a derive macro\u001b[0m\n\u001b[0m \u001b[0m\u001b[0m\u001b[1m\u001b[38;5;14m--> \u001b[0m\u001b[0msrc\\main.rs:2:13\u001b[0m\n\u001b[0m  \u001b[0m\u001b[0m\u001b[1m\u001b[38;5;14m|\u001b[0m\n\u001b[0m\u001b[1m\u001b[38;5;14m2\u001b[0m\u001b[0m \u001b[0m\u001b[0m\u001b[1m\u001b[38;5;14m|\u001b[0m\u001b[0m \u001b[0m\u001b[0muse serde::{Deserialize, Serialize};\u001b[0m\n\u001b[0m  \u001b[0m\u001b[0m\u001b[1m\u001b[38;5;14m| \u001b[0m\u001b[0m            \u001b[0m\u001b[0m\u001b[1m\u001b[38;5;10m^^^^^^^^^^^\u001b[0m\n\n"}
{"message":"cannot find derive macro `Serialize` in this scope","code":null,"level":"error","spans":[{"file_name":"src\\main.rs","byte_start":257,"byte_end":266,"line_start":12,"line_end":12,"column_start":10,"column_end":19,"is_primary":true,"text":[{"text":"#[derive(Serialize, Deserialize)] ","highlight_start":10,"highlight_end":19}],"label":null,"suggested_replacement":null,"suggestion_applicability":null,"expansion":null}],"children":[{"message":"`Serialize` is imported here, but it is only a trait, without a derive macro","code":null,"level":"note","spans":[{"file_name":"src\\main.rs","byte_start":76,"byte_end":85,"line_start":2,"line_end":2,"column_start":26,"column_end":35,"is_primary":true,"text":[{"text":"use serde::{Deserialize, Serialize};","highlight_start":26,"highlight_end":35}],"label":null,"suggested_replacement":null,"suggestion_applicability":null,"expansion":null}],"children":[],"rendered":null}],"rendered":"\u001b[0m\u001b[1m\u001b[38;5;9merror\u001b[0m\u001b[0m\u001b[1m\u001b[38;5;15m: cannot find derive macro `Serialize` in this scope\u001b[0m\n\u001b[0m  \u001b[0m\u001b[0m\u001b[1m\u001b[38;5;14m--> \u001b[0m\u001b[0msrc\\main.rs:12:10\u001b[0m\n\u001b[0m   \u001b[0m\u001b[0m\u001b[1m\u001b[38;5;14m|\u001b[0m\n\u001b[0m\u001b[1m\u001b[38;5;14m12\u001b[0m\u001b[0m \u001b[0m\u001b[0m\u001b[1m\u001b[38;5;14m|\u001b[0m\u001b[0m \u001b[0m\u001b[0m#[derive(Serialize, Deserialize)] \u001b[0m\n\u001b[0m   \u001b[0m\u001b[0m\u001b[1m\u001b[38;5;14m| \u001b[0m\u001b[0m         \u001b[0m\u001b[0m\u001b[1m\u001b[38;5;9m^^^^^^^^^\u001b[0m\n\u001b[0m   \u001b[0m\u001b[0m\u001b[1m\u001b[38;5;14m|\u001b[0m\n\u001b[0m\u001b[1m\u001b[38;5;10mnote\u001b[0m\u001b[0m: `Serialize` is imported here, but it is only a trait, without a derive macro\u001b[0m\n\u001b[0m  \u001b[0m\u001b[0m\u001b[1m\u001b[38;5;14m--> \u001b[0m\u001b[0msrc\\main.rs:2:26\u001b[0m\n\u001b[0m   \u001b[0m\u001b[0m\u001b[1m\u001b[38;5;14m|\u001b[0m\n\u001b[0m\u001b[1m\u001b[38;5;14m2\u001b[0m\u001b[0m  \u001b[0m\u001b[0m\u001b[1m\u001b[38;5;14m|\u001b[0m\u001b[0m \u001b[0m\u001b[0muse serde::{Deserialize, Serialize};\u001b[0m\n\u001b[0m   \u001b[0m\u001b[0m\u001b[1m\u001b[38;5;14m| \u001b[0m\u001b[0m                         \u001b[0m\u001b[0m\u001b[1m\u001b[38;5;10m^^^^^^^^^\u001b[0m\n\n"}
{"message":"cannot find derive macro `Deserialize` in this scope","code":null,"level":"error","spans":[{"file_name":"src\\main.rs","byte_start":268,"byte_end":279,"line_start":12,"line_end":12,"column_start":21,"column_end":32,"is_primary":true,"text":[{"text":"#[derive(Serialize, Deserialize)] ","highlight_start":21,"highlight_end":32}],"label":null,"suggested_replacement":null,"suggestion_applicability":null,"expansion":null}],"children":[{"message":"`Deserialize` is imported here, but it is only a trait, without a derive macro","code":null,"level":"note","spans":[{"file_name":"src\\main.rs","byte_start":63,"byte_end":74,"line_start":2,"line_end":2,"column_start":13,"column_end":24,"is_primary":true,"text":[{"text":"use serde::{Deserialize, Serialize};","highlight_start":13,"highlight_end":24}],"label":null,"suggested_replacement":null,"suggestion_applicability":null,"expansion":null}],"children":[],"rendered":null}],"rendered":"\u001b[0m\u001b[1m\u001b[38;5;9merror\u001b[0m\u001b[0m\u001b[1m\u001b[38;5;15m: cannot find derive macro `Deserialize` in this scope\u001b[0m\n\u001b[0m  \u001b[0m\u001b[0m\u001b[1m\u001b[38;5;14m--> \u001b[0m\u001b[0msrc\\main.rs:12:21\u001b[0m\n\u001b[0m   \u001b[0m\u001b[0m\u001b[1m\u001b[38;5;14m|\u001b[0m\n\u001b[0m\u001b[1m\u001b[38;5;14m12\u001b[0m\u001b[0m \u001b[0m\u001b[0m\u001b[1m\u001b[38;5;14m|\u001b[0m\u001b[0m \u001b[0m\u001b[0m#[derive(Serialize, Deserialize)] \u001b[0m\n\u001b[0m   \u001b[0m\u001b[0m\u001b[1m\u001b[38;5;14m| \u001b[0m\u001b[0m                    \u001b[0m\u001b[0m\u001b[1m\u001b[38;5;9m^^^^^^^^^^^\u001b[0m\n\u001b[0m   \u001b[0m\u001b[0m\u001b[1m\u001b[38;5;14m|\u001b[0m\n\u001b[0m\u001b[1m\u001b[38;5;10mnote\u001b[0m\u001b[0m: `Deserialize` is imported here, but it is only a trait, without a derive macro\u001b[0m\n\u001b[0m  \u001b[0m\u001b[0m\u001b[1m\u001b[38;5;14m--> \u001b[0m\u001b[0msrc\\main.rs:2:13\u001b[0m\n\u001b[0m   \u001b[0m\u001b[0m\u001b[1m\u001b[38;5;14m|\u001b[0m\n\u001b[0m\u001b[1m\u001b[38;5;14m2\u001b[0m\u001b[0m  \u001b[0m\u001b[0m\u001b[1m\u001b[38;5;14m|\u001b[0m\u001b[0m \u001b[0m\u001b[0muse serde::{Deserialize, Serialize};\u001b[0m\n\u001b[0m   \u001b[0m\u001b[0m\u001b[1m\u001b[38;5;14m| \u001b[0m\u001b[0m            \u001b[0m\u001b[0m\u001b[1m\u001b[38;5;10m^^^^^^^^^^^\u001b[0m\n\n"}
{"message":"cannot find derive macro `Serialize` in this scope","code":null,"level":"error","spans":[{"file_name":"src\\main.rs","byte_start":496,"byte_end":505,"line_start":21,"line_end":21,"column_start":10,"column_end":19,"is_primary":true,"text":[{"text":"#[derive(Serialize, Deserialize)]","highlight_start":10,"highlight_end":19}],"label":null,"suggested_replacement":null,"suggestion_applicability":null,"expansion":null}],"children":[{"message":"`Serialize` is imported here, but it is only a trait, without a derive macro","code":null,"level":"note","spans":[{"file_name":"src\\main.rs","byte_start":76,"byte_end":85,"line_start":2,"line_end":2,"column_start":26,"column_end":35,"is_primary":true,"text":[{"text":"use serde::{Deserialize, Serialize};","highlight_start":26,"highlight_end":35}],"label":null,"suggested_replacement":null,"suggestion_applicability":null,"expansion":null}],"children":[],"rendered":null}],"rendered":"\u001b[0m\u001b[1m\u001b[38;5;9merror\u001b[0m\u001b[0m\u001b[1m\u001b[38;5;15m: cannot find derive macro `Serialize` in this scope\u001b[0m\n\u001b[0m  \u001b[0m\u001b[0m\u001b[1m\u001b[38;5;14m--> \u001b[0m\u001b[0msrc\\main.rs:21:10\u001b[0m\n\u001b[0m   \u001b[0m\u001b[0m\u001b[1m\u001b[38;5;14m|\u001b[0m\n\u001b[0m\u001b[1m\u001b[38;5;14m21\u001b[0m\u001b[0m \u001b[0m\u001b[0m\u001b[1m\u001b[38;5;14m|\u001b[0m\u001b[0m \u001b[0m\u001b[0m#[derive(Serialize, Deserialize)]\u001b[0m\n\u001b[0m   \u001b[0m\u001b[0m\u001b[1m\u001b[38;5;14m| \u001b[0m\u001b[0m         \u001b[0m\u001b[0m\u001b[1m\u001b[38;5;9m^^^^^^^^^\u001b[0m\n\u001b[0m   \u001b[0m\u001b[0m\u001b[1m\u001b[38;5;14m|\u001b[0m\n\u001b[0m\u001b[1m\u001b[38;5;10mnote\u001b[0m\u001b[0m: `Serialize` is imported here, but it is only a trait, without a derive macro\u001b[0m\n\u001b[0m  \u001b[0m\u001b[0m\u001b[1m\u001b[38;5;14m--> \u001b[0m\u001b[0msrc\\main.rs:2:26\u001b[0m\n\u001b[0m   \u001b[0m\u001b[0m\u001b[1m\u001b[38;5;14m|\u001b[0m\n\u001b[0m\u001b[1m\u001b[38;5;14m2\u001b[0m\u001b[0m  \u001b[0m\u001b[0m\u001b[1m\u001b[38;5;14m|\u001b[0m\u001b[0m \u001b[0m\u001b[0muse serde::{Deserialize, Serialize};\u001b[0m\n\u001b[0m   \u001b[0m\u001b[0m\u001b[1m\u001b[38;5;14m| \u001b[0m\u001b[0m                         \u001b[0m\u001b[0m\u001b[1m\u001b[38;5;10m^^^^^^^^^\u001b[0m\n\n"}
{"message":"cannot find derive macro `Deserialize` in this scope","code":null,"level":"error","spans":[{"file_name":"src\\main.rs","byte_start":507,"byte_end":518,"line_start":21,"line_end":21,"column_start":21,"column_end":32,"is_primary":true,"text":[{"text":"#[derive(Serialize, Deserialize)]","highlight_start":21,"highlight_end":32}],"label":null,"suggested_replacement":null,"suggestion_applicability":null,"expansion":null}],"children":[{"message":"`Deserialize` is imported here, but it is only a trait, without a derive macro","code":null,"level":"note","spans":[{"file_name":"src\\main.rs","byte_start":63,"byte_end":74,"line_start":2,"line_end":2,"column_start":13,"column_end":24,"is_primary":true,"text":[{"text":"use serde::{Deserialize, Serialize};","highlight_start":13,"highlight_end":24}],"label":null,"suggested_replacement":null,"suggestion_applicability":null,"expansion":null}],"children":[],"rendered":null}],"rendered":"\u001b[0m\u001b[1m\u001b[38;5;9merror\u001b[0m\u001b[0m\u001b[1m\u001b[38;5;15m: cannot find derive macro `Deserialize` in this scope\u001b[0m\n\u001b[0m  \u001b[0m\u001b[0m\u001b[1m\u001b[38;5;14m--> \u001b[0m\u001b[0msrc\\main.rs:21:21\u001b[0m\n\u001b[0m   \u001b[0m\u001b[0m\u001b[1m\u001b[38;5;14m|\u001b[0m\n\u001b[0m\u001b[1m\u001b[38;5;14m21\u001b[0m\u001b[0m \u001b[0m\u001b[0m\u001b[1m\u001b[38;5;14m|\u001b[0m\u001b[0m \u001b[0m\u001b[0m#[derive(Serialize, Deserialize)]\u001b[0m\n\u001b[0m   \u001b[0m\u001b[0m\u001b[1m\u001b[38;5;14m| \u001b[0m\u001b[0m                    \u001b[0m\u001b[0m\u001b[1m\u001b[38;5;9m^^^^^^^^^^^\u001b[0m\n\u001b[0m   \u001b[0m\u001b[0m\u001b[1m\u001b[38;5;14m|\u001b[0m\n\u001b[0m\u001b[1m\u001b[38;5;10mnote\u001b[0m\u001b[0m: `Deserialize` is imported here, but it is only a trait, without a derive macro\u001b[0m\n\u001b[0m  \u001b[0m\u001b[0m\u001b[1m\u001b[38;5;14m--> \u001b[0m\u001b[0msrc\\main.rs:2:13\u001b[0m\n\u001b[0m   \u001b[0m\u001b[0m\u001b[1m\u001b[38;5;14m|\u001b[0m\n\u001b[0m\u001b[1m\u001b[38;5;14m2\u001b[0m\u001b[0m  \u001b[0m\u001b[0m\u001b[1m\u001b[38;5;14m|\u001b[0m\u001b[0m \u001b[0m\u001b[0muse serde::{Deserialize, Serialize};\u001b[0m\n\u001b[0m   \u001b[0m\u001b[0m\u001b[1m\u001b[38;5;14m| \u001b[0m\u001b[0m            \u001b[0m\u001b[0m\u001b[1m\u001b[38;5;10m^^^^^^^^^^^\u001b[0m\n\n"}
{"message":"the trait bound `ResponseData: serde::Serialize` is not satisfied","code":{"code":"E0277","explanation":"You tried to use a type which doesn't implement some trait in a place which\nexpected that trait.\n\nErroneous code example:\n\n```compile_fail,E0277\n// here we declare the Foo trait with a bar method\ntrait Foo {\n    fn bar(&self);\n}\n\n// we now declare a function which takes an object implementing the Foo trait\nfn some_func<T: Foo>(foo: T) {\n    foo.bar();\n}\n\nfn main() {\n    // we now call the method with the i32 type, which doesn't implement\n    // the Foo trait\n    some_func(5i32); // error: the trait bound `i32 : Foo` is not satisfied\n}\n```\n\nIn order to fix this error, verify that the type you're using does implement\nthe trait. Example:\n\n```\ntrait Foo {\n    fn bar(&self);\n}\n\n// we implement the trait on the i32 type\nimpl Foo for i32 {\n    fn bar(&self) {}\n}\n\nfn some_func<T: Foo>(foo: T) {\n    foo.bar(); // we can now use this method since i32 implements the\n               // Foo trait\n}\n\nfn main() {\n    some_func(5i32); // ok!\n}\n```\n\nOr in a generic context, an erroneous code example would look like:\n\n```compile_fail,E0277\nfn some_func<T>(foo: T) {\n    println!(\"{:?}\", foo); // error: the trait `core::fmt::Debug` is not\n                           //        implemented for the type `T`\n}\n\nfn main() {\n    // We now call the method with the i32 type,\n    // which *does* implement the Debug trait.\n    some_func(5i32);\n}\n```\n\nNote that the error here is in the definition of the generic function. Although\nwe only call it with a parameter that does implement `Debug`, the compiler\nstill rejects the function. It must work with all possible input types. In\norder to make this example compile, we need to restrict the generic type we're\naccepting:\n\n```\nuse std::fmt;\n\n// Restrict the input type to types that implement Debug.\nfn some_func<T: fmt::Debug>(foo: T) {\n    println!(\"{:?}\", foo);\n}\n\nfn main() {\n    // Calling the method is still fine, as i32 implements Debug.\n    some_func(5i32);\n\n    // This would fail to compile now:\n    // struct WithoutDebug;\n    // some_func(WithoutDebug);\n}\n```\n\nRust only looks at the signature of the called function, as such it must\nalready specify all requirements that will be used for every type parameter.\n"},"level":"error","spans":[{"file_name":"src\\main.rs","byte_start":5771,"byte_end":6543,"line_start":142,"line_end":157,"column_start":85,"column_end":2,"is_primary":true,"text":[{"text":"async fn calculate_properties(params: web::Json<InputParameters>) -> impl Responder {","highlight_start":85,"highlight_end":86},{"text":"    let gamma=1.4;","highlight_start":1,"highlight_end":19},{"text":"    let inlet_area = std::f64::consts::PI * params.diameter.powi(2) / 4.0;","highlight_start":1,"highlight_end":75},{"text":"    let inlet_density = params.stagnation_pressure * 1000.0 / (287.0 * params.stagnation_temperature);","highlight_start":1,"highlight_end":103},{"text":"    let inlet_velocity = params.mass_flow_rate / (inlet_density * inlet_area);","highlight_start":1,"highlight_end":79},{"text":"","highlight_start":1,"highlight_end":1},{"text":"    let fanno_properties = calculate_fanno_flow(gamma, inlet_density, inlet_velocity, inlet_area);","highlight_start":1,"highlight_end":99},{"text":"    let rayleigh_properties = calculate_rayleigh_flow(gamma, inlet_density, inlet_velocity);","highlight_start":1,"highlight_end":93},{"text":"    let shock_properties = calculate_normal_shock(gamma, fanno_properties.temperature_downstream, rayleigh_properties.temperature_upstream);","highlight_start":1,"highlight_end":141},{"text":"","highlight_start":1,"highlight_end":1},{"text":"    web::Json(ResponseData {","highlight_start":1,"highlight_end":29},{"text":"        fanno_flow: fanno_properties,","highlight_start":1,"highlight_end":38},{"text":"        rayleigh_flow: rayleigh_properties,","highlight_start":1,"highlight_end":44},{"text":"        normal_shock: shock_properties,","highlight_start":1,"highlight_end":40},{"text":"    })","highlight_start":1,"highlight_end":7},{"text":"}","highlight_start":1,"highlight_end":2}],"label":"the trait `serde::Serialize` is not implemented for `ResponseData`","suggested_replacement":null,"suggestion_applicability":null,"expansion":null}],"children":[{"message":"the following other types implement trait `serde::Serialize`:\n  bool\n  char\n  isize\n  i8\n  i16\n  i32\n  i64\n  i128\nand 133 others","code":null,"level":"help","spans":[],"children":[],"rendered":null},{"message":"required for `actix_web::web::Json<ResponseData>` to implement `Responder`","code":null,"level":"note","spans":[],"children":[],"rendered":null}],"rendered":"\u001b[0m\u001b[1m\u001b[38;5;9merror[E0277]\u001b[0m\u001b[0m\u001b[1m\u001b[38;5;15m: the trait bound `ResponseData: serde::Serialize` is not satisfied\u001b[0m\n\u001b[0m   \u001b[0m\u001b[0m\u001b[1m\u001b[38;5;14m--> \u001b[0m\u001b[0msrc\\main.rs:142:85\u001b[0m\n\u001b[0m    \u001b[0m\u001b[0m\u001b[1m\u001b[38;5;14m|\u001b[0m\n\u001b[0m\u001b[1m\u001b[38;5;14m142\u001b[0m\u001b[0m \u001b[0m\u001b[0m\u001b[1m\u001b[38;5;14m|\u001b[0m\u001b[0m   \u001b[0m\u001b[0masync fn calculate_properties(params: web::Json<InputParameters>) -> impl Responder {\u001b[0m\n\u001b[0m    \u001b[0m\u001b[0m\u001b[1m\u001b[38;5;14m| \u001b[0m\u001b[0m \u001b[0m\u001b[0m\u001b[1m\u001b[38;5;9m_____________________________________________________________________________________^\u001b[0m\n\u001b[0m\u001b[1m\u001b[38;5;14m143\u001b[0m\u001b[0m \u001b[0m\u001b[0m\u001b[1m\u001b[38;5;14m|\u001b[0m\u001b[0m \u001b[0m\u001b[0m\u001b[1m\u001b[38;5;9m|\u001b[0m\u001b[0m \u001b[0m\u001b[0m    let gamma=1.4;\u001b[0m\n\u001b[0m\u001b[1m\u001b[38;5;14m144\u001b[0m\u001b[0m \u001b[0m\u001b[0m\u001b[1m\u001b[38;5;14m|\u001b[0m\u001b[0m \u001b[0m\u001b[0m\u001b[1m\u001b[38;5;9m|\u001b[0m\u001b[0m \u001b[0m\u001b[0m    let inlet_area = std::f64::consts::PI * params.diameter.powi(2) / 4.0;\u001b[0m\n\u001b[0m\u001b[1m\u001b[38;5;14m145\u001b[0m\u001b[0m \u001b[0m\u001b[0m\u001b[1m\u001b[38;5;14m|\u001b[0m\u001b[0m \u001b[0m\u001b[0m\u001b[1m\u001b[38;5;9m|\u001b[0m\u001b[0m \u001b[0m\u001b[0m    let inlet_density = params.stagnation_pressure * 1000.0 / (287.0 * params.stagnation_temperature);\u001b[0m\n\u001b[0m\u001b[1m\u001b[38;5;14m...\u001b[0m\u001b[0m   \u001b[0m\u001b[0m\u001b[1m\u001b[38;5;9m|\u001b[0m\n\u001b[0m\u001b[1m\u001b[38;5;14m156\u001b[0m\u001b[0m \u001b[0m\u001b[0m\u001b[1m\u001b[38;5;14m|\u001b[0m\u001b[0m \u001b[0m\u001b[0m\u001b[1m\u001b[38;5;9m|\u001b[0m\u001b[0m \u001b[0m\u001b[0m    })\u001b[0m\n\u001b[0m\u001b[1m\u001b[38;5;14m157\u001b[0m\u001b[0m \u001b[0m\u001b[0m\u001b[1m\u001b[38;5;14m|\u001b[0m\u001b[0m \u001b[0m\u001b[0m\u001b[1m\u001b[38;5;9m|\u001b[0m\u001b[0m \u001b[0m\u001b[0m}\u001b[0m\n\u001b[0m    \u001b[0m\u001b[0m\u001b[1m\u001b[38;5;14m| \u001b[0m\u001b[0m\u001b[1m\u001b[38;5;9m|_^\u001b[0m\u001b[0m \u001b[0m\u001b[0m\u001b[1m\u001b[38;5;9mthe trait `serde::Serialize` is not implemented for `ResponseData`\u001b[0m\n\u001b[0m    \u001b[0m\u001b[0m\u001b[1m\u001b[38;5;14m|\u001b[0m\n\u001b[0m    \u001b[0m\u001b[0m\u001b[1m\u001b[38;5;14m= \u001b[0m\u001b[0m\u001b[1m\u001b[38;5;15mhelp\u001b[0m\u001b[0m: the following other types implement trait `serde::Serialize`:\u001b[0m\n\u001b[0m              bool\u001b[0m\n\u001b[0m              char\u001b[0m\n\u001b[0m              isize\u001b[0m\n\u001b[0m              i8\u001b[0m\n\u001b[0m              i16\u001b[0m\n\u001b[0m              i32\u001b[0m\n\u001b[0m              i64\u001b[0m\n\u001b[0m              i128\u001b[0m\n\u001b[0m            and 133 others\u001b[0m\n\u001b[0m    \u001b[0m\u001b[0m\u001b[1m\u001b[38;5;14m= \u001b[0m\u001b[0m\u001b[1m\u001b[38;5;15mnote\u001b[0m\u001b[0m: required for `actix_web::web::Json<ResponseData>` to implement `Responder`\u001b[0m\n\n"}
{"message":"the trait bound `ResponseData: serde::Serialize` is not satisfied","code":{"code":"E0277","explanation":"You tried to use a type which doesn't implement some trait in a place which\nexpected that trait.\n\nErroneous code example:\n\n```compile_fail,E0277\n// here we declare the Foo trait with a bar method\ntrait Foo {\n    fn bar(&self);\n}\n\n// we now declare a function which takes an object implementing the Foo trait\nfn some_func<T: Foo>(foo: T) {\n    foo.bar();\n}\n\nfn main() {\n    // we now call the method with the i32 type, which doesn't implement\n    // the Foo trait\n    some_func(5i32); // error: the trait bound `i32 : Foo` is not satisfied\n}\n```\n\nIn order to fix this error, verify that the type you're using does implement\nthe trait. Example:\n\n```\ntrait Foo {\n    fn bar(&self);\n}\n\n// we implement the trait on the i32 type\nimpl Foo for i32 {\n    fn bar(&self) {}\n}\n\nfn some_func<T: Foo>(foo: T) {\n    foo.bar(); // we can now use this method since i32 implements the\n               // Foo trait\n}\n\nfn main() {\n    some_func(5i32); // ok!\n}\n```\n\nOr in a generic context, an erroneous code example would look like:\n\n```compile_fail,E0277\nfn some_func<T>(foo: T) {\n    println!(\"{:?}\", foo); // error: the trait `core::fmt::Debug` is not\n                           //        implemented for the type `T`\n}\n\nfn main() {\n    // We now call the method with the i32 type,\n    // which *does* implement the Debug trait.\n    some_func(5i32);\n}\n```\n\nNote that the error here is in the definition of the generic function. Although\nwe only call it with a parameter that does implement `Debug`, the compiler\nstill rejects the function. It must work with all possible input types. In\norder to make this example compile, we need to restrict the generic type we're\naccepting:\n\n```\nuse std::fmt;\n\n// Restrict the input type to types that implement Debug.\nfn some_func<T: fmt::Debug>(foo: T) {\n    println!(\"{:?}\", foo);\n}\n\nfn main() {\n    // Calling the method is still fine, as i32 implements Debug.\n    some_func(5i32);\n\n    // This would fail to compile now:\n    // struct WithoutDebug;\n    // some_func(WithoutDebug);\n}\n```\n\nRust only looks at the signature of the called function, as such it must\nalready specify all requirements that will be used for every type parameter.\n"},"level":"error","spans":[{"file_name":"src\\main.rs","byte_start":5756,"byte_end":5770,"line_start":142,"line_end":142,"column_start":70,"column_end":84,"is_primary":true,"text":[{"text":"async fn calculate_properties(params: web::Json<InputParameters>) -> impl Responder {","highlight_start":70,"highlight_end":84}],"label":"the trait `serde::Serialize` is not implemented for `ResponseData`","suggested_replacement":null,"suggestion_applicability":null,"expansion":{"span":{"file_name":"src\\main.rs","byte_start":5756,"byte_end":5770,"line_start":142,"line_end":142,"column_start":70,"column_end":84,"is_primary":false,"text":[{"text":"async fn calculate_properties(params: web::Json<InputParameters>) -> impl Responder {","highlight_start":70,"highlight_end":84}],"label":null,"suggested_replacement":null,"suggestion_applicability":null,"expansion":null},"macro_decl_name":"desugaring of `impl Trait`","def_site_span":{"file_name":"src\\main.rs","byte_start":0,"byte_end":0,"line_start":1,"line_end":1,"column_start":1,"column_end":1,"is_primary":false,"text":[],"label":null,"suggested_replacement":null,"suggestion_applicability":null,"expansion":null}}}],"children":[{"message":"the following other types implement trait `serde::Serialize`:\n  bool\n  char\n  isize\n  i8\n  i16\n  i32\n  i64\n  i128\nand 133 others","code":null,"level":"help","spans":[],"children":[],"rendered":null},{"message":"required for `actix_web::web::Json<ResponseData>` to implement `Responder`","code":null,"level":"note","spans":[],"children":[],"rendered":null}],"rendered":"\u001b[0m\u001b[1m\u001b[38;5;9merror[E0277]\u001b[0m\u001b[0m\u001b[1m\u001b[38;5;15m: the trait bound `ResponseData: serde::Serialize` is not satisfied\u001b[0m\n\u001b[0m   \u001b[0m\u001b[0m\u001b[1m\u001b[38;5;14m--> \u001b[0m\u001b[0msrc\\main.rs:142:70\u001b[0m\n\u001b[0m    \u001b[0m\u001b[0m\u001b[1m\u001b[38;5;14m|\u001b[0m\n\u001b[0m\u001b[1m\u001b[38;5;14m142\u001b[0m\u001b[0m \u001b[0m\u001b[0m\u001b[1m\u001b[38;5;14m|\u001b[0m\u001b[0m \u001b[0m\u001b[0masync fn calculate_properties(params: web::Json<InputParameters>) -> impl Responder {\u001b[0m\n\u001b[0m    \u001b[0m\u001b[0m\u001b[1m\u001b[38;5;14m| \u001b[0m\u001b[0m                                                                     \u001b[0m\u001b[0m\u001b[1m\u001b[38;5;9m^^^^^^^^^^^^^^\u001b[0m\u001b[0m \u001b[0m\u001b[0m\u001b[1m\u001b[38;5;9mthe trait `serde::Serialize` is not implemented for `ResponseData`\u001b[0m\n\u001b[0m    \u001b[0m\u001b[0m\u001b[1m\u001b[38;5;14m|\u001b[0m\n\u001b[0m    \u001b[0m\u001b[0m\u001b[1m\u001b[38;5;14m= \u001b[0m\u001b[0m\u001b[1m\u001b[38;5;15mhelp\u001b[0m\u001b[0m: the following other types implement trait `serde::Serialize`:\u001b[0m\n\u001b[0m              bool\u001b[0m\n\u001b[0m              char\u001b[0m\n\u001b[0m              isize\u001b[0m\n\u001b[0m              i8\u001b[0m\n\u001b[0m              i16\u001b[0m\n\u001b[0m              i32\u001b[0m\n\u001b[0m              i64\u001b[0m\n\u001b[0m              i128\u001b[0m\n\u001b[0m            and 133 others\u001b[0m\n\u001b[0m    \u001b[0m\u001b[0m\u001b[1m\u001b[38;5;14m= \u001b[0m\u001b[0m\u001b[1m\u001b[38;5;15mnote\u001b[0m\u001b[0m: required for `actix_web::web::Json<ResponseData>` to implement `Responder`\u001b[0m\n\n"}
{"message":"the trait bound `for<'de> InputParameters: serde::Deserialize<'de>` is not satisfied","code":{"code":"E0277","explanation":"You tried to use a type which doesn't implement some trait in a place which\nexpected that trait.\n\nErroneous code example:\n\n```compile_fail,E0277\n// here we declare the Foo trait with a bar method\ntrait Foo {\n    fn bar(&self);\n}\n\n// we now declare a function which takes an object implementing the Foo trait\nfn some_func<T: Foo>(foo: T) {\n    foo.bar();\n}\n\nfn main() {\n    // we now call the method with the i32 type, which doesn't implement\n    // the Foo trait\n    some_func(5i32); // error: the trait bound `i32 : Foo` is not satisfied\n}\n```\n\nIn order to fix this error, verify that the type you're using does implement\nthe trait. Example:\n\n```\ntrait Foo {\n    fn bar(&self);\n}\n\n// we implement the trait on the i32 type\nimpl Foo for i32 {\n    fn bar(&self) {}\n}\n\nfn some_func<T: Foo>(foo: T) {\n    foo.bar(); // we can now use this method since i32 implements the\n               // Foo trait\n}\n\nfn main() {\n    some_func(5i32); // ok!\n}\n```\n\nOr in a generic context, an erroneous code example would look like:\n\n```compile_fail,E0277\nfn some_func<T>(foo: T) {\n    println!(\"{:?}\", foo); // error: the trait `core::fmt::Debug` is not\n                           //        implemented for the type `T`\n}\n\nfn main() {\n    // We now call the method with the i32 type,\n    // which *does* implement the Debug trait.\n    some_func(5i32);\n}\n```\n\nNote that the error here is in the definition of the generic function. Although\nwe only call it with a parameter that does implement `Debug`, the compiler\nstill rejects the function. It must work with all possible input types. In\norder to make this example compile, we need to restrict the generic type we're\naccepting:\n\n```\nuse std::fmt;\n\n// Restrict the input type to types that implement Debug.\nfn some_func<T: fmt::Debug>(foo: T) {\n    println!(\"{:?}\", foo);\n}\n\nfn main() {\n    // Calling the method is still fine, as i32 implements Debug.\n    some_func(5i32);\n\n    // This would fail to compile now:\n    // struct WithoutDebug;\n    // some_func(WithoutDebug);\n}\n```\n\nRust only looks at the signature of the called function, as such it must\nalready specify all requirements that will be used for every type parameter.\n"},"level":"error","spans":[{"file_name":"src\\main.rs","byte_start":5597,"byte_end":5599,"line_start":135,"line_end":135,"column_start":63,"column_end":65,"is_primary":true,"text":[{"text":"        App::new().route(\"/calculate_properties\", web::post().to(calculate_properties))","highlight_start":63,"highlight_end":65}],"label":"the trait `for<'de> serde::Deserialize<'de>` is not implemented for `InputParameters`","suggested_replacement":null,"suggestion_applicability":null,"expansion":null}],"children":[{"message":"the following other types implement trait `serde::Deserialize<'de>`:\n  bool\n  char\n  isize\n  i8\n  i16\n  i32\n  i64\n  i128\nand 131 others","code":null,"level":"help","spans":[],"children":[],"rendered":null},{"message":"required for `InputParameters` to implement `DeserializeOwned`","code":null,"level":"note","spans":[],"children":[],"rendered":null},{"message":"required for `actix_web::web::Json<InputParameters>` to implement `FromRequest`","code":null,"level":"note","spans":[],"children":[],"rendered":null},{"message":"1 redundant requirement hidden","code":null,"level":"note","spans":[],"children":[],"rendered":null},{"message":"required for `(actix_web::web::Json<InputParameters>,)` to implement `FromRequest`","code":null,"level":"note","spans":[],"children":[],"rendered":null},{"message":"required by a bound in `Route::to`","code":null,"level":"note","spans":[{"file_name":"C:\\Users\\SHUBHAM SHARMA\\.cargo\\registry\\src\\index.crates.io-6f17d22bba15001f\\actix-web-4.4.1\\src\\route.rs","byte_start":6039,"byte_end":6041,"line_start":209,"line_end":209,"column_start":12,"column_end":14,"is_primary":false,"text":[{"text":"    pub fn to<F, Args>(mut self, handler: F) -> Self","highlight_start":12,"highlight_end":14}],"label":"required by a bound in this associated function","suggested_replacement":null,"suggestion_applicability":null,"expansion":null},{"file_name":"C:\\Users\\SHUBHAM SHARMA\\.cargo\\registry\\src\\index.crates.io-6f17d22bba15001f\\actix-web-4.4.1\\src\\route.rs","byte_start":6131,"byte_end":6142,"line_start":212,"line_end":212,"column_start":15,"column_end":26,"is_primary":true,"text":[{"text":"        Args: FromRequest + 'static,","highlight_start":15,"highlight_end":26}],"label":"required by this bound in `Route::to`","suggested_replacement":null,"suggestion_applicability":null,"expansion":null}],"children":[],"rendered":null}],"rendered":"\u001b[0m\u001b[1m\u001b[38;5;9merror[E0277]\u001b[0m\u001b[0m\u001b[1m\u001b[38;5;15m: the trait bound `for<'de> InputParameters: serde::Deserialize<'de>` is not satisfied\u001b[0m\n\u001b[0m   \u001b[0m\u001b[0m\u001b[1m\u001b[38;5;14m--> \u001b[0m\u001b[0msrc\\main.rs:135:63\u001b[0m\n\u001b[0m    \u001b[0m\u001b[0m\u001b[1m\u001b[38;5;14m|\u001b[0m\n\u001b[0m\u001b[1m\u001b[38;5;14m135\u001b[0m\u001b[0m \u001b[0m\u001b[0m\u001b[1m\u001b[38;5;14m|\u001b[0m\u001b[0m \u001b[0m\u001b[0m        App::new().route(\"/calculate_properties\", web::post().to(calculate_properties))\u001b[0m\n\u001b[0m    \u001b[0m\u001b[0m\u001b[1m\u001b[38;5;14m| \u001b[0m\u001b[0m                                                              \u001b[0m\u001b[0m\u001b[1m\u001b[38;5;9m^^\u001b[0m\u001b[0m \u001b[0m\u001b[0m\u001b[1m\u001b[38;5;9mthe trait `for<'de> serde::Deserialize<'de>` is not implemented for `InputParameters`\u001b[0m\n\u001b[0m    \u001b[0m\u001b[0m\u001b[1m\u001b[38;5;14m|\u001b[0m\n\u001b[0m    \u001b[0m\u001b[0m\u001b[1m\u001b[38;5;14m= \u001b[0m\u001b[0m\u001b[1m\u001b[38;5;15mhelp\u001b[0m\u001b[0m: the following other types implement trait `serde::Deserialize<'de>`:\u001b[0m\n\u001b[0m              bool\u001b[0m\n\u001b[0m              char\u001b[0m\n\u001b[0m              isize\u001b[0m\n\u001b[0m              i8\u001b[0m\n\u001b[0m              i16\u001b[0m\n\u001b[0m              i32\u001b[0m\n\u001b[0m              i64\u001b[0m\n\u001b[0m              i128\u001b[0m\n\u001b[0m            and 131 others\u001b[0m\n\u001b[0m    \u001b[0m\u001b[0m\u001b[1m\u001b[38;5;14m= \u001b[0m\u001b[0m\u001b[1m\u001b[38;5;15mnote\u001b[0m\u001b[0m: required for `InputParameters` to implement `DeserializeOwned`\u001b[0m\n\u001b[0m    \u001b[0m\u001b[0m\u001b[1m\u001b[38;5;14m= \u001b[0m\u001b[0m\u001b[1m\u001b[38;5;15mnote\u001b[0m\u001b[0m: required for `actix_web::web::Json<InputParameters>` to implement `FromRequest`\u001b[0m\n\u001b[0m    \u001b[0m\u001b[0m\u001b[1m\u001b[38;5;14m= \u001b[0m\u001b[0m\u001b[1m\u001b[38;5;15mnote\u001b[0m\u001b[0m: 1 redundant requirement hidden\u001b[0m\n\u001b[0m    \u001b[0m\u001b[0m\u001b[1m\u001b[38;5;14m= \u001b[0m\u001b[0m\u001b[1m\u001b[38;5;15mnote\u001b[0m\u001b[0m: required for `(actix_web::web::Json<InputParameters>,)` to implement `FromRequest`\u001b[0m\n\u001b[0m\u001b[1m\u001b[38;5;10mnote\u001b[0m\u001b[0m: required by a bound in `Route::to`\u001b[0m\n\u001b[0m   \u001b[0m\u001b[0m\u001b[1m\u001b[38;5;14m--> \u001b[0m\u001b[0mC:\\Users\\SHUBHAM SHARMA\\.cargo\\registry\\src\\index.crates.io-6f17d22bba15001f\\actix-web-4.4.1\\src\\route.rs:212:15\u001b[0m\n\u001b[0m    \u001b[0m\u001b[0m\u001b[1m\u001b[38;5;14m|\u001b[0m\n\u001b[0m\u001b[1m\u001b[38;5;14m209\u001b[0m\u001b[0m \u001b[0m\u001b[0m\u001b[1m\u001b[38;5;14m|\u001b[0m\u001b[0m \u001b[0m\u001b[0m    pub fn to<F, Args>(mut self, handler: F) -> Self\u001b[0m\n\u001b[0m    \u001b[0m\u001b[0m\u001b[1m\u001b[38;5;14m| \u001b[0m\u001b[0m           \u001b[0m\u001b[0m\u001b[1m\u001b[38;5;14m--\u001b[0m\u001b[0m \u001b[0m\u001b[0m\u001b[1m\u001b[38;5;14mrequired by a bound in this associated function\u001b[0m\n\u001b[0m\u001b[1m\u001b[38;5;14m...\u001b[0m\n\u001b[0m\u001b[1m\u001b[38;5;14m212\u001b[0m\u001b[0m \u001b[0m\u001b[0m\u001b[1m\u001b[38;5;14m|\u001b[0m\u001b[0m \u001b[0m\u001b[0m        Args: FromRequest + 'static,\u001b[0m\n\u001b[0m    \u001b[0m\u001b[0m\u001b[1m\u001b[38;5;14m| \u001b[0m\u001b[0m              \u001b[0m\u001b[0m\u001b[1m\u001b[38;5;10m^^^^^^^^^^^\u001b[0m\u001b[0m \u001b[0m\u001b[0m\u001b[1m\u001b[38;5;10mrequired by this bound in `Route::to`\u001b[0m\n\n"}
{"message":"aborting due to 8 previous errors","code":null,"level":"error","spans":[],"children":[],"rendered":"\u001b[0m\u001b[1m\u001b[38;5;9merror\u001b[0m\u001b[0m\u001b[1m\u001b[38;5;15m: aborting due to 8 previous errors\u001b[0m\n\n"}
{"message":"For more information about this error, try `rustc --explain E0277`.","code":null,"level":"failure-note","spans":[],"children":[],"rendered":"\u001b[0m\u001b[1m\u001b[38;5;15mFor more information about this error, try `rustc --explain E0277`.\u001b[0m\n"}
